<?xml version="1.0" encoding="UTF-8"?>
<!-- Generated by org.testng.reporters.JUnitReportReporter -->
<testsuite skipped="0" hostname="SPICITY1161" name="com.EBSApplication.LoginPage" tests="3" failures="0" timestamp="25 Oct 2019 13:43:55 GMT" time="35.831" errors="0">
  <testcase name="login" time="3.494" classname="com.EBSApplication.LoginPage"/>
  <testcase name="EBusinessSuitePage" time="4.432" classname="com.EBSApplication.LoginPage"/>
  <testcase name="Requisitions" time="27.905" classname="com.EBSApplication.LoginPage"/>
</testsuite> <!-- com.EBSApplication.LoginPage -->
